[2020-08-08 22:50:07.853] [exthost] [info] extension host started
[2020-08-08 22:50:08.365] [exthost] [info] extension host started
[2020-08-08 22:50:08.431] [exthost] [info] ExtensionService#_doActivateExtension vscode.configuration-editing {"startup":false,"extensionId":{"value":"vscode.configuration-editing","_lower":"vscode.configuration-editing"},"activationEvent":"onLanguage:jsonc"}
[2020-08-08 22:50:08.432] [exthost] [info] ExtensionService#loadCommonJSModule file:///c:/Users/borge/.p2/pool/plugins/com.genuitec.eclipse.code.engine.app.win32.x86_64_3.6.0.202002212104/engine/resources/app/extensions/configuration-editing/dist/extension
[2020-08-08 22:50:08.441] [exthost] [info] ExtensionService#_doActivateExtension vscode.json-language-features {"startup":false,"extensionId":{"value":"vscode.json-language-features","_lower":"vscode.json-language-features"},"activationEvent":"onLanguage:jsonc"}
[2020-08-08 22:50:08.441] [exthost] [info] ExtensionService#loadCommonJSModule file:///c:/Users/borge/.p2/pool/plugins/com.genuitec.eclipse.code.engine.app.win32.x86_64_3.6.0.202002212104/engine/resources/app/extensions/json-language-features/client/dist/jsonMain
[2020-08-08 22:50:08.502] [exthost] [info] ExtensionService#_doActivateExtension vscode.typescript-language-features {"startup":false,"extensionId":{"value":"vscode.typescript-language-features","_lower":"vscode.typescript-language-features"},"activationEvent":"onLanguage:jsonc"}
[2020-08-08 22:50:08.502] [exthost] [info] ExtensionService#loadCommonJSModule file:///c:/Users/borge/.p2/pool/plugins/com.genuitec.eclipse.code.engine.app.win32.x86_64_3.6.0.202002212104/engine/resources/app/extensions/typescript-language-features/dist/extension
[2020-08-08 22:50:08.530] [exthost] [info] ExtensionService#_doActivateExtension vscode.grunt {"startup":false,"extensionId":{"value":"vscode.grunt","_lower":"vscode.grunt"},"activationEvent":"onCommand:workbench.action.tasks.runTask"}
[2020-08-08 22:50:08.530] [exthost] [info] ExtensionService#loadCommonJSModule file:///c:/Users/borge/.p2/pool/plugins/com.genuitec.eclipse.code.engine.app.win32.x86_64_3.6.0.202002212104/engine/resources/app/extensions/grunt/dist/main
[2020-08-08 22:50:08.533] [exthost] [info] ExtensionService#_doActivateExtension vscode.gulp {"startup":false,"extensionId":{"value":"vscode.gulp","_lower":"vscode.gulp"},"activationEvent":"onCommand:workbench.action.tasks.runTask"}
[2020-08-08 22:50:08.533] [exthost] [info] ExtensionService#loadCommonJSModule file:///c:/Users/borge/.p2/pool/plugins/com.genuitec.eclipse.code.engine.app.win32.x86_64_3.6.0.202002212104/engine/resources/app/extensions/gulp/dist/main
[2020-08-08 22:50:08.536] [exthost] [info] ExtensionService#_doActivateExtension vscode.jake {"startup":false,"extensionId":{"value":"vscode.jake","_lower":"vscode.jake"},"activationEvent":"onCommand:workbench.action.tasks.runTask"}
[2020-08-08 22:50:08.536] [exthost] [info] ExtensionService#loadCommonJSModule file:///c:/Users/borge/.p2/pool/plugins/com.genuitec.eclipse.code.engine.app.win32.x86_64_3.6.0.202002212104/engine/resources/app/extensions/jake/dist/main
[2020-08-08 22:50:08.539] [exthost] [info] ExtensionService#_doActivateExtension vscode.npm {"startup":false,"extensionId":{"value":"vscode.npm","_lower":"vscode.npm"},"activationEvent":"onCommand:workbench.action.tasks.runTask"}
[2020-08-08 22:50:08.539] [exthost] [info] ExtensionService#loadCommonJSModule file:///c:/Users/borge/.p2/pool/plugins/com.genuitec.eclipse.code.engine.app.win32.x86_64_3.6.0.202002212104/engine/resources/app/extensions/npm/dist/main
[2020-08-08 22:50:08.548] [exthost] [info] ExtensionService#_doActivateExtension HookyQR.beautify {"startup":true,"extensionId":{"value":"HookyQR.beautify","_lower":"hookyqr.beautify"},"activationEvent":"*"}
[2020-08-08 22:50:08.548] [exthost] [info] ExtensionService#loadCommonJSModule file:///c:/Users/borge/.p2/pool/plugins/pack.core.win_3.6.0.202007171759/HookyQR.beautify-1.4.11/extension
[2020-08-08 22:50:08.604] [exthost] [info] ExtensionService#_doActivateExtension christian-kohler.path-intellisense {"startup":true,"extensionId":{"value":"christian-kohler.path-intellisense","_lower":"christian-kohler.path-intellisense"},"activationEvent":"*"}
[2020-08-08 22:50:08.604] [exthost] [info] ExtensionService#loadCommonJSModule file:///c:/Users/borge/.p2/pool/plugins/pack.core.win_3.6.0.202007171759/christian-kohler.path-intellisense-1.4.2/out/src/extension
[2020-08-08 22:50:08.618] [exthost] [info] ExtensionService#_doActivateExtension dbaeumer.vscode-eslint {"startup":true,"extensionId":{"value":"dbaeumer.vscode-eslint","_lower":"dbaeumer.vscode-eslint"},"activationEvent":"*"}
[2020-08-08 22:50:08.618] [exthost] [info] ExtensionService#loadCommonJSModule file:///c:/Users/borge/.p2/pool/plugins/pack.core.win_3.6.0.202007171759/dbaeumer.vscode-eslint-1.9.0/client/out/extension
[2020-08-08 22:50:08.632] [exthost] [info] ExtensionService#_doActivateExtension vscode.debug-auto-launch {"startup":true,"extensionId":{"value":"vscode.debug-auto-launch","_lower":"vscode.debug-auto-launch"},"activationEvent":"*"}
[2020-08-08 22:50:08.632] [exthost] [info] ExtensionService#loadCommonJSModule file:///c:/Users/borge/.p2/pool/plugins/com.genuitec.eclipse.code.engine.app.win32.x86_64_3.6.0.202002212104/engine/resources/app/extensions/debug-auto-launch/dist/extension
[2020-08-08 22:50:08.635] [exthost] [info] ExtensionService#_doActivateExtension vscode.emmet {"startup":true,"extensionId":{"value":"vscode.emmet","_lower":"vscode.emmet"},"activationEvent":"*"}
[2020-08-08 22:50:08.636] [exthost] [info] ExtensionService#loadCommonJSModule file:///c:/Users/borge/.p2/pool/plugins/com.genuitec.eclipse.code.engine.app.win32.x86_64_3.6.0.202002212104/engine/resources/app/extensions/emmet/dist/extension
[2020-08-08 22:50:08.657] [exthost] [info] ExtensionService#_doActivateExtension formulahendry.auto-close-tag {"startup":true,"extensionId":{"value":"formulahendry.auto-close-tag","_lower":"formulahendry.auto-close-tag"},"activationEvent":"*"}
[2020-08-08 22:50:08.657] [exthost] [info] ExtensionService#loadCommonJSModule file:///c:/Users/borge/.p2/pool/plugins/pack.core.win_3.6.0.202007171759/formulahendry.auto-close-tag-0.5.6/out/src/extension
[2020-08-08 22:50:08.667] [exthost] [info] eager extensions activated
[2020-08-08 22:50:11.298] [exthost] [info] extension host started
[2020-08-08 22:50:11.344] [exthost] [info] ExtensionService#_doActivateExtension vscode.emmet {"startup":false,"extensionId":{"value":"vscode.emmet","_lower":"vscode.emmet"},"activationEvent":"onLanguage:html"}
[2020-08-08 22:50:11.344] [exthost] [info] ExtensionService#loadCommonJSModule file:///c:/Users/borge/.p2/pool/plugins/com.genuitec.eclipse.code.engine.app.win32.x86_64_3.6.0.202002212104/engine/resources/app/extensions/emmet/dist/extension
[2020-08-08 22:50:11.384] [exthost] [info] ExtensionService#_doActivateExtension vscode.html-language-features {"startup":false,"extensionId":{"value":"vscode.html-language-features","_lower":"vscode.html-language-features"},"activationEvent":"onLanguage:html"}
[2020-08-08 22:50:11.384] [exthost] [info] ExtensionService#loadCommonJSModule file:///c:/Users/borge/.p2/pool/plugins/com.genuitec.eclipse.code.engine.app.win32.x86_64_3.6.0.202002212104/engine/resources/app/extensions/html-language-features/client/dist/htmlMain
[2020-08-08 22:50:11.438] [exthost] [info] ExtensionService#_doActivateExtension mkaufman.HTMLHint {"startup":false,"extensionId":{"value":"mkaufman.HTMLHint","_lower":"mkaufman.htmlhint"},"activationEvent":"onLanguage:html"}
[2020-08-08 22:50:11.438] [exthost] [info] ExtensionService#loadCommonJSModule file:///c:/Users/borge/.p2/pool/plugins/pack.core.win_3.6.0.202007171759/mkaufman.HTMLHint-0.6.0/out/extension
[2020-08-08 22:50:11.546] [exthost] [info] ExtensionService#_doActivateExtension vscode.configuration-editing {"startup":false,"extensionId":{"value":"vscode.configuration-editing","_lower":"vscode.configuration-editing"},"activationEvent":"onLanguage:jsonc"}
[2020-08-08 22:50:11.546] [exthost] [info] ExtensionService#loadCommonJSModule file:///c:/Users/borge/.p2/pool/plugins/com.genuitec.eclipse.code.engine.app.win32.x86_64_3.6.0.202002212104/engine/resources/app/extensions/configuration-editing/dist/extension
[2020-08-08 22:50:11.555] [exthost] [info] ExtensionService#_doActivateExtension vscode.json-language-features {"startup":false,"extensionId":{"value":"vscode.json-language-features","_lower":"vscode.json-language-features"},"activationEvent":"onLanguage:jsonc"}
[2020-08-08 22:50:11.555] [exthost] [info] ExtensionService#loadCommonJSModule file:///c:/Users/borge/.p2/pool/plugins/com.genuitec.eclipse.code.engine.app.win32.x86_64_3.6.0.202002212104/engine/resources/app/extensions/json-language-features/client/dist/jsonMain
[2020-08-08 22:50:11.594] [exthost] [info] ExtensionService#_doActivateExtension vscode.typescript-language-features {"startup":false,"extensionId":{"value":"vscode.typescript-language-features","_lower":"vscode.typescript-language-features"},"activationEvent":"onLanguage:jsonc"}
[2020-08-08 22:50:11.595] [exthost] [info] ExtensionService#loadCommonJSModule file:///c:/Users/borge/.p2/pool/plugins/com.genuitec.eclipse.code.engine.app.win32.x86_64_3.6.0.202002212104/engine/resources/app/extensions/typescript-language-features/dist/extension
[2020-08-08 22:50:11.635] [exthost] [info] ExtensionService#_doActivateExtension vscode.grunt {"startup":false,"extensionId":{"value":"vscode.grunt","_lower":"vscode.grunt"},"activationEvent":"onCommand:workbench.action.tasks.runTask"}
[2020-08-08 22:50:11.635] [exthost] [info] ExtensionService#loadCommonJSModule file:///c:/Users/borge/.p2/pool/plugins/com.genuitec.eclipse.code.engine.app.win32.x86_64_3.6.0.202002212104/engine/resources/app/extensions/grunt/dist/main
[2020-08-08 22:50:11.640] [exthost] [info] ExtensionService#_doActivateExtension vscode.gulp {"startup":false,"extensionId":{"value":"vscode.gulp","_lower":"vscode.gulp"},"activationEvent":"onCommand:workbench.action.tasks.runTask"}
[2020-08-08 22:50:11.640] [exthost] [info] ExtensionService#loadCommonJSModule file:///c:/Users/borge/.p2/pool/plugins/com.genuitec.eclipse.code.engine.app.win32.x86_64_3.6.0.202002212104/engine/resources/app/extensions/gulp/dist/main
[2020-08-08 22:50:11.646] [exthost] [info] ExtensionService#_doActivateExtension vscode.jake {"startup":false,"extensionId":{"value":"vscode.jake","_lower":"vscode.jake"},"activationEvent":"onCommand:workbench.action.tasks.runTask"}
[2020-08-08 22:50:11.646] [exthost] [info] ExtensionService#loadCommonJSModule file:///c:/Users/borge/.p2/pool/plugins/com.genuitec.eclipse.code.engine.app.win32.x86_64_3.6.0.202002212104/engine/resources/app/extensions/jake/dist/main
[2020-08-08 22:50:11.650] [exthost] [info] ExtensionService#_doActivateExtension vscode.npm {"startup":false,"extensionId":{"value":"vscode.npm","_lower":"vscode.npm"},"activationEvent":"onCommand:workbench.action.tasks.runTask"}
[2020-08-08 22:50:11.650] [exthost] [info] ExtensionService#loadCommonJSModule file:///c:/Users/borge/.p2/pool/plugins/com.genuitec.eclipse.code.engine.app.win32.x86_64_3.6.0.202002212104/engine/resources/app/extensions/npm/dist/main
[2020-08-08 22:50:11.661] [exthost] [info] ExtensionService#_doActivateExtension HookyQR.beautify {"startup":true,"extensionId":{"value":"HookyQR.beautify","_lower":"hookyqr.beautify"},"activationEvent":"*"}
[2020-08-08 22:50:11.662] [exthost] [info] ExtensionService#loadCommonJSModule file:///c:/Users/borge/.p2/pool/plugins/pack.core.win_3.6.0.202007171759/HookyQR.beautify-1.4.11/extension
[2020-08-08 22:50:11.718] [exthost] [info] ExtensionService#_doActivateExtension christian-kohler.path-intellisense {"startup":true,"extensionId":{"value":"christian-kohler.path-intellisense","_lower":"christian-kohler.path-intellisense"},"activationEvent":"*"}
[2020-08-08 22:50:11.718] [exthost] [info] ExtensionService#loadCommonJSModule file:///c:/Users/borge/.p2/pool/plugins/pack.core.win_3.6.0.202007171759/christian-kohler.path-intellisense-1.4.2/out/src/extension
[2020-08-08 22:50:11.732] [exthost] [info] ExtensionService#_doActivateExtension dbaeumer.vscode-eslint {"startup":true,"extensionId":{"value":"dbaeumer.vscode-eslint","_lower":"dbaeumer.vscode-eslint"},"activationEvent":"*"}
[2020-08-08 22:50:11.732] [exthost] [info] ExtensionService#loadCommonJSModule file:///c:/Users/borge/.p2/pool/plugins/pack.core.win_3.6.0.202007171759/dbaeumer.vscode-eslint-1.9.0/client/out/extension
[2020-08-08 22:50:11.743] [exthost] [info] ExtensionService#_doActivateExtension vscode.debug-auto-launch {"startup":true,"extensionId":{"value":"vscode.debug-auto-launch","_lower":"vscode.debug-auto-launch"},"activationEvent":"*"}
[2020-08-08 22:50:11.743] [exthost] [info] ExtensionService#loadCommonJSModule file:///c:/Users/borge/.p2/pool/plugins/com.genuitec.eclipse.code.engine.app.win32.x86_64_3.6.0.202002212104/engine/resources/app/extensions/debug-auto-launch/dist/extension
[2020-08-08 22:50:11.746] [exthost] [info] ExtensionService#_doActivateExtension formulahendry.auto-close-tag {"startup":true,"extensionId":{"value":"formulahendry.auto-close-tag","_lower":"formulahendry.auto-close-tag"},"activationEvent":"*"}
[2020-08-08 22:50:11.746] [exthost] [info] ExtensionService#loadCommonJSModule file:///c:/Users/borge/.p2/pool/plugins/pack.core.win_3.6.0.202007171759/formulahendry.auto-close-tag-0.5.6/out/src/extension
[2020-08-08 22:50:11.813] [exthost] [info] eager extensions activated
